ERROR - 2022-07-26 00:15:44 --> Table 'gis_pesawaran.category' doesn't exist
CRITICAL - 2022-07-26 00:15:44 --> Table 'gis_pesawaran.category' doesn't exist
in SYSTEMPATH\Database\MySQLi\Connection.php on line 292.
 1 SYSTEMPATH\Database\MySQLi\Connection.php(292): mysqli->query('SELECT COUNT(*) AS `numrows`
FROM `category`', 0)
 2 SYSTEMPATH\Database\BaseConnection.php(695): CodeIgniter\Database\MySQLi\Connection->execute('SELECT COUNT(*) AS `numrows`
FROM `category`')
 3 SYSTEMPATH\Database\BaseConnection.php(609): CodeIgniter\Database\BaseConnection->simpleQuery('SELECT COUNT(*) AS `numrows`
FROM `category`')
 4 SYSTEMPATH\Database\BaseBuilder.php(1669): CodeIgniter\Database\BaseConnection->query('SELECT COUNT(*) AS `numrows`
FROM `category`', [], false)
 5 VENDORPATH\hermawan\codeigniter4-datatables\src\DataTableQuery.php(53): CodeIgniter\Database\BaseBuilder->countAllResults()
 6 VENDORPATH\hermawan\codeigniter4-datatables\src\DataTable.php(174): Hermawan\DataTables\DataTableQuery->countAll()
 7 APPPATH\Controllers\KategoriController.php(52): Hermawan\DataTables\DataTable->toJson(true)
 8 SYSTEMPATH\CodeIgniter.php(896): App\Controllers\KategoriController->datatables()
 9 SYSTEMPATH\CodeIgniter.php(466): CodeIgniter\CodeIgniter->runController(Object(App\Controllers\KategoriController))
10 SYSTEMPATH\CodeIgniter.php(349): CodeIgniter\CodeIgniter->handleRequest(null, Object(Config\Cache), false)
11 FCPATH\index.php(55): CodeIgniter\CodeIgniter->run()
12 SYSTEMPATH\Commands\Server\rewrite.php(43): require_once('FCPATH\\index.php')
CRITICAL - 2022-07-26 01:06:32 --> Undefined property: stdClass::$Favicon
in APPPATH\Views\layout\admin\master.php on line 13.
 1 APPPATH\Views\layout\admin\master.php(13): CodeIgniter\Debug\Exceptions->errorHandler(8, 'Undefined property: stdClass::$Favicon', 'APPPATH\\Views\\layout\\admin\\master.php', 13, [...])
 2 SYSTEMPATH\View\View.php(213): include('APPPATH\\Views\\layout\\admin\\master.php')
 3 SYSTEMPATH\View\View.php(216): CodeIgniter\View\View->CodeIgniter\View\{closure}()
 4 SYSTEMPATH\View\View.php(229): CodeIgniter\View\View->render('layout/admin/master', [], true)
 5 SYSTEMPATH\Common.php(1135): CodeIgniter\View\View->render('admin/dashboard', [], true)
 6 APPPATH\Controllers\AdminController.php(16): view('admin/dashboard', [...])
 7 SYSTEMPATH\CodeIgniter.php(896): App\Controllers\AdminController->index()
 8 SYSTEMPATH\CodeIgniter.php(466): CodeIgniter\CodeIgniter->runController(Object(App\Controllers\AdminController))
 9 SYSTEMPATH\CodeIgniter.php(349): CodeIgniter\CodeIgniter->handleRequest(null, Object(Config\Cache), false)
10 FCPATH\index.php(55): CodeIgniter\CodeIgniter->run()
11 SYSTEMPATH\Commands\Server\rewrite.php(43): require_once('FCPATH\\index.php')
CRITICAL - 2022-07-26 01:07:17 --> Undefined property: stdClass::$Favicon
in APPPATH\Views\layout\admin\master.php on line 13.
 1 APPPATH\Views\layout\admin\master.php(13): CodeIgniter\Debug\Exceptions->errorHandler(8, 'Undefined property: stdClass::$Favicon', 'APPPATH\\Views\\layout\\admin\\master.php', 13, [...])
 2 SYSTEMPATH\View\View.php(213): include('APPPATH\\Views\\layout\\admin\\master.php')
 3 SYSTEMPATH\View\View.php(216): CodeIgniter\View\View->CodeIgniter\View\{closure}()
 4 SYSTEMPATH\View\View.php(229): CodeIgniter\View\View->render('layout/admin/master', [], true)
 5 SYSTEMPATH\Common.php(1135): CodeIgniter\View\View->render('admin/dashboard', [], true)
 6 APPPATH\Controllers\AdminController.php(16): view('admin/dashboard', [...])
 7 SYSTEMPATH\CodeIgniter.php(896): App\Controllers\AdminController->index()
 8 SYSTEMPATH\CodeIgniter.php(466): CodeIgniter\CodeIgniter->runController(Object(App\Controllers\AdminController))
 9 SYSTEMPATH\CodeIgniter.php(349): CodeIgniter\CodeIgniter->handleRequest(null, Object(Config\Cache), false)
10 FCPATH\index.php(55): CodeIgniter\CodeIgniter->run()
11 SYSTEMPATH\Commands\Server\rewrite.php(43): require_once('FCPATH\\index.php')
CRITICAL - 2022-07-26 01:07:25 --> Undefined property: stdClass::$Favicon
in APPPATH\Views\layout\admin\master.php on line 13.
 1 APPPATH\Views\layout\admin\master.php(13): CodeIgniter\Debug\Exceptions->errorHandler(8, 'Undefined property: stdClass::$Favicon', 'APPPATH\\Views\\layout\\admin\\master.php', 13, [...])
 2 SYSTEMPATH\View\View.php(213): include('APPPATH\\Views\\layout\\admin\\master.php')
 3 SYSTEMPATH\View\View.php(216): CodeIgniter\View\View->CodeIgniter\View\{closure}()
 4 SYSTEMPATH\View\View.php(229): CodeIgniter\View\View->render('layout/admin/master', [], true)
 5 SYSTEMPATH\Common.php(1135): CodeIgniter\View\View->render('admin/dashboard', [], true)
 6 APPPATH\Controllers\AdminController.php(16): view('admin/dashboard', [...])
 7 SYSTEMPATH\CodeIgniter.php(896): App\Controllers\AdminController->index()
 8 SYSTEMPATH\CodeIgniter.php(466): CodeIgniter\CodeIgniter->runController(Object(App\Controllers\AdminController))
 9 SYSTEMPATH\CodeIgniter.php(349): CodeIgniter\CodeIgniter->handleRequest(null, Object(Config\Cache), false)
10 FCPATH\index.php(55): CodeIgniter\CodeIgniter->run()
11 SYSTEMPATH\Commands\Server\rewrite.php(43): require_once('FCPATH\\index.php')
CRITICAL - 2022-07-26 01:08:04 --> Undefined property: stdClass::$Favicon
in APPPATH\Views\layout\admin\master.php on line 13.
 1 APPPATH\Views\layout\admin\master.php(13): CodeIgniter\Debug\Exceptions->errorHandler(8, 'Undefined property: stdClass::$Favicon', 'APPPATH\\Views\\layout\\admin\\master.php', 13, [...])
 2 SYSTEMPATH\View\View.php(213): include('APPPATH\\Views\\layout\\admin\\master.php')
 3 SYSTEMPATH\View\View.php(216): CodeIgniter\View\View->CodeIgniter\View\{closure}()
 4 SYSTEMPATH\View\View.php(229): CodeIgniter\View\View->render('layout/admin/master', [], true)
 5 SYSTEMPATH\Common.php(1135): CodeIgniter\View\View->render('admin/dashboard', [], true)
 6 APPPATH\Controllers\AdminController.php(16): view('admin/dashboard', [...])
 7 SYSTEMPATH\CodeIgniter.php(896): App\Controllers\AdminController->index()
 8 SYSTEMPATH\CodeIgniter.php(466): CodeIgniter\CodeIgniter->runController(Object(App\Controllers\AdminController))
 9 SYSTEMPATH\CodeIgniter.php(349): CodeIgniter\CodeIgniter->handleRequest(null, Object(Config\Cache), false)
10 FCPATH\index.php(55): CodeIgniter\CodeIgniter->run()
11 SYSTEMPATH\Commands\Server\rewrite.php(43): require_once('FCPATH\\index.php')
CRITICAL - 2022-07-26 01:08:12 --> Undefined property: stdClass::$Favicon
in APPPATH\Views\layout\admin\master.php on line 13.
 1 APPPATH\Views\layout\admin\master.php(13): CodeIgniter\Debug\Exceptions->errorHandler(8, 'Undefined property: stdClass::$Favicon', 'APPPATH\\Views\\layout\\admin\\master.php', 13, [...])
 2 SYSTEMPATH\View\View.php(213): include('APPPATH\\Views\\layout\\admin\\master.php')
 3 SYSTEMPATH\View\View.php(216): CodeIgniter\View\View->CodeIgniter\View\{closure}()
 4 SYSTEMPATH\View\View.php(229): CodeIgniter\View\View->render('layout/admin/master', [], true)
 5 SYSTEMPATH\Common.php(1135): CodeIgniter\View\View->render('admin/dashboard', [], true)
 6 APPPATH\Controllers\AdminController.php(16): view('admin/dashboard', [...])
 7 SYSTEMPATH\CodeIgniter.php(896): App\Controllers\AdminController->index()
 8 SYSTEMPATH\CodeIgniter.php(466): CodeIgniter\CodeIgniter->runController(Object(App\Controllers\AdminController))
 9 SYSTEMPATH\CodeIgniter.php(349): CodeIgniter\CodeIgniter->handleRequest(null, Object(Config\Cache), false)
10 FCPATH\index.php(55): CodeIgniter\CodeIgniter->run()
11 SYSTEMPATH\Commands\Server\rewrite.php(43): require_once('FCPATH\\index.php')
CRITICAL - 2022-07-26 01:08:28 --> Undefined property: stdClass::$Favicon
in APPPATH\Views\layout\admin\master.php on line 13.
 1 APPPATH\Views\layout\admin\master.php(13): CodeIgniter\Debug\Exceptions->errorHandler(8, 'Undefined property: stdClass::$Favicon', 'APPPATH\\Views\\layout\\admin\\master.php', 13, [...])
 2 SYSTEMPATH\View\View.php(213): include('APPPATH\\Views\\layout\\admin\\master.php')
 3 SYSTEMPATH\View\View.php(216): CodeIgniter\View\View->CodeIgniter\View\{closure}()
 4 SYSTEMPATH\View\View.php(229): CodeIgniter\View\View->render('layout/admin/master', [], true)
 5 SYSTEMPATH\Common.php(1135): CodeIgniter\View\View->render('admin/dashboard', [], true)
 6 APPPATH\Controllers\AdminController.php(16): view('admin/dashboard', [...])
 7 SYSTEMPATH\CodeIgniter.php(896): App\Controllers\AdminController->index()
 8 SYSTEMPATH\CodeIgniter.php(466): CodeIgniter\CodeIgniter->runController(Object(App\Controllers\AdminController))
 9 SYSTEMPATH\CodeIgniter.php(349): CodeIgniter\CodeIgniter->handleRequest(null, Object(Config\Cache), false)
10 FCPATH\index.php(55): CodeIgniter\CodeIgniter->run()
11 SYSTEMPATH\Commands\Server\rewrite.php(43): require_once('FCPATH\\index.php')
CRITICAL - 2022-07-26 01:08:32 --> Undefined property: stdClass::$Favicon
in APPPATH\Views\layout\admin\master.php on line 13.
 1 APPPATH\Views\layout\admin\master.php(13): CodeIgniter\Debug\Exceptions->errorHandler(8, 'Undefined property: stdClass::$Favicon', 'APPPATH\\Views\\layout\\admin\\master.php', 13, [...])
 2 SYSTEMPATH\View\View.php(213): include('APPPATH\\Views\\layout\\admin\\master.php')
 3 SYSTEMPATH\View\View.php(216): CodeIgniter\View\View->CodeIgniter\View\{closure}()
 4 SYSTEMPATH\View\View.php(229): CodeIgniter\View\View->render('layout/admin/master', [], true)
 5 SYSTEMPATH\Common.php(1135): CodeIgniter\View\View->render('admin/dashboard', [], true)
 6 APPPATH\Controllers\AdminController.php(16): view('admin/dashboard', [...])
 7 SYSTEMPATH\CodeIgniter.php(896): App\Controllers\AdminController->index()
 8 SYSTEMPATH\CodeIgniter.php(466): CodeIgniter\CodeIgniter->runController(Object(App\Controllers\AdminController))
 9 SYSTEMPATH\CodeIgniter.php(349): CodeIgniter\CodeIgniter->handleRequest(null, Object(Config\Cache), false)
10 FCPATH\index.php(55): CodeIgniter\CodeIgniter->run()
11 SYSTEMPATH\Commands\Server\rewrite.php(43): require_once('FCPATH\\index.php')
CRITICAL - 2022-07-26 01:08:41 --> Undefined property: stdClass::$Favicon
in APPPATH\Views\layout\admin\master.php on line 13.
 1 APPPATH\Views\layout\admin\master.php(13): CodeIgniter\Debug\Exceptions->errorHandler(8, 'Undefined property: stdClass::$Favicon', 'APPPATH\\Views\\layout\\admin\\master.php', 13, [...])
 2 SYSTEMPATH\View\View.php(213): include('APPPATH\\Views\\layout\\admin\\master.php')
 3 SYSTEMPATH\View\View.php(216): CodeIgniter\View\View->CodeIgniter\View\{closure}()
 4 SYSTEMPATH\View\View.php(229): CodeIgniter\View\View->render('layout/admin/master', [], true)
 5 SYSTEMPATH\Common.php(1135): CodeIgniter\View\View->render('admin/dashboard', [], true)
 6 APPPATH\Controllers\AdminController.php(16): view('admin/dashboard', [...])
 7 SYSTEMPATH\CodeIgniter.php(896): App\Controllers\AdminController->index()
 8 SYSTEMPATH\CodeIgniter.php(466): CodeIgniter\CodeIgniter->runController(Object(App\Controllers\AdminController))
 9 SYSTEMPATH\CodeIgniter.php(349): CodeIgniter\CodeIgniter->handleRequest(null, Object(Config\Cache), false)
10 FCPATH\index.php(55): CodeIgniter\CodeIgniter->run()
11 SYSTEMPATH\Commands\Server\rewrite.php(43): require_once('FCPATH\\index.php')
CRITICAL - 2022-07-26 01:09:01 --> Undefined property: stdClass::$Favicon
in APPPATH\Views\layout\admin\master.php on line 13.
 1 APPPATH\Views\layout\admin\master.php(13): CodeIgniter\Debug\Exceptions->errorHandler(8, 'Undefined property: stdClass::$Favicon', 'APPPATH\\Views\\layout\\admin\\master.php', 13, [...])
 2 SYSTEMPATH\View\View.php(213): include('APPPATH\\Views\\layout\\admin\\master.php')
 3 SYSTEMPATH\View\View.php(216): CodeIgniter\View\View->CodeIgniter\View\{closure}()
 4 SYSTEMPATH\View\View.php(229): CodeIgniter\View\View->render('layout/admin/master', [], true)
 5 SYSTEMPATH\Common.php(1135): CodeIgniter\View\View->render('admin/dashboard', [], true)
 6 APPPATH\Controllers\AdminController.php(16): view('admin/dashboard', [...])
 7 SYSTEMPATH\CodeIgniter.php(896): App\Controllers\AdminController->index()
 8 SYSTEMPATH\CodeIgniter.php(466): CodeIgniter\CodeIgniter->runController(Object(App\Controllers\AdminController))
 9 SYSTEMPATH\CodeIgniter.php(349): CodeIgniter\CodeIgniter->handleRequest(null, Object(Config\Cache), false)
10 FCPATH\index.php(55): CodeIgniter\CodeIgniter->run()
11 SYSTEMPATH\Commands\Server\rewrite.php(43): require_once('FCPATH\\index.php')
CRITICAL - 2022-07-26 01:09:31 --> Undefined property: stdClass::$Favicon
in APPPATH\Views\layout\admin\master.php on line 13.
 1 APPPATH\Views\layout\admin\master.php(13): CodeIgniter\Debug\Exceptions->errorHandler(8, 'Undefined property: stdClass::$Favicon', 'APPPATH\\Views\\layout\\admin\\master.php', 13, [...])
 2 SYSTEMPATH\View\View.php(213): include('APPPATH\\Views\\layout\\admin\\master.php')
 3 SYSTEMPATH\View\View.php(216): CodeIgniter\View\View->CodeIgniter\View\{closure}()
 4 SYSTEMPATH\View\View.php(229): CodeIgniter\View\View->render('layout/admin/master', [], true)
 5 SYSTEMPATH\Common.php(1135): CodeIgniter\View\View->render('admin/dashboard', [], true)
 6 APPPATH\Controllers\AdminController.php(16): view('admin/dashboard', [...])
 7 SYSTEMPATH\CodeIgniter.php(896): App\Controllers\AdminController->index()
 8 SYSTEMPATH\CodeIgniter.php(466): CodeIgniter\CodeIgniter->runController(Object(App\Controllers\AdminController))
 9 SYSTEMPATH\CodeIgniter.php(349): CodeIgniter\CodeIgniter->handleRequest(null, Object(Config\Cache), false)
10 FCPATH\index.php(55): CodeIgniter\CodeIgniter->run()
11 SYSTEMPATH\Commands\Server\rewrite.php(43): require_once('FCPATH\\index.php')
CRITICAL - 2022-07-26 01:09:35 --> Undefined property: stdClass::$Favicon
in APPPATH\Views\layout\admin\master.php on line 13.
 1 APPPATH\Views\layout\admin\master.php(13): CodeIgniter\Debug\Exceptions->errorHandler(8, 'Undefined property: stdClass::$Favicon', 'APPPATH\\Views\\layout\\admin\\master.php', 13, [...])
 2 SYSTEMPATH\View\View.php(213): include('APPPATH\\Views\\layout\\admin\\master.php')
 3 SYSTEMPATH\View\View.php(216): CodeIgniter\View\View->CodeIgniter\View\{closure}()
 4 SYSTEMPATH\View\View.php(229): CodeIgniter\View\View->render('layout/admin/master', [], true)
 5 SYSTEMPATH\Common.php(1135): CodeIgniter\View\View->render('admin/dashboard', [], true)
 6 APPPATH\Controllers\AdminController.php(16): view('admin/dashboard', [...])
 7 SYSTEMPATH\CodeIgniter.php(896): App\Controllers\AdminController->index()
 8 SYSTEMPATH\CodeIgniter.php(466): CodeIgniter\CodeIgniter->runController(Object(App\Controllers\AdminController))
 9 SYSTEMPATH\CodeIgniter.php(349): CodeIgniter\CodeIgniter->handleRequest(null, Object(Config\Cache), false)
10 FCPATH\index.php(55): CodeIgniter\CodeIgniter->run()
11 SYSTEMPATH\Commands\Server\rewrite.php(43): require_once('FCPATH\\index.php')
CRITICAL - 2022-07-26 01:09:38 --> Undefined property: stdClass::$Favicon
in APPPATH\Views\layout\admin\master.php on line 13.
 1 APPPATH\Views\layout\admin\master.php(13): CodeIgniter\Debug\Exceptions->errorHandler(8, 'Undefined property: stdClass::$Favicon', 'APPPATH\\Views\\layout\\admin\\master.php', 13, [...])
 2 SYSTEMPATH\View\View.php(213): include('APPPATH\\Views\\layout\\admin\\master.php')
 3 SYSTEMPATH\View\View.php(216): CodeIgniter\View\View->CodeIgniter\View\{closure}()
 4 SYSTEMPATH\View\View.php(229): CodeIgniter\View\View->render('layout/admin/master', [], true)
 5 SYSTEMPATH\Common.php(1135): CodeIgniter\View\View->render('admin/dashboard', [], true)
 6 APPPATH\Controllers\AdminController.php(16): view('admin/dashboard', [...])
 7 SYSTEMPATH\CodeIgniter.php(896): App\Controllers\AdminController->index()
 8 SYSTEMPATH\CodeIgniter.php(466): CodeIgniter\CodeIgniter->runController(Object(App\Controllers\AdminController))
 9 SYSTEMPATH\CodeIgniter.php(349): CodeIgniter\CodeIgniter->handleRequest(null, Object(Config\Cache), false)
10 FCPATH\index.php(55): CodeIgniter\CodeIgniter->run()
11 SYSTEMPATH\Commands\Server\rewrite.php(43): require_once('FCPATH\\index.php')
CRITICAL - 2022-07-26 01:10:12 --> Undefined property: stdClass::$Favicon
in APPPATH\Views\layout\admin\master.php on line 13.
 1 APPPATH\Views\layout\admin\master.php(13): CodeIgniter\Debug\Exceptions->errorHandler(8, 'Undefined property: stdClass::$Favicon', 'APPPATH\\Views\\layout\\admin\\master.php', 13, [...])
 2 SYSTEMPATH\View\View.php(213): include('APPPATH\\Views\\layout\\admin\\master.php')
 3 SYSTEMPATH\View\View.php(216): CodeIgniter\View\View->CodeIgniter\View\{closure}()
 4 SYSTEMPATH\View\View.php(229): CodeIgniter\View\View->render('layout/admin/master', [], true)
 5 SYSTEMPATH\Common.php(1135): CodeIgniter\View\View->render('admin/dashboard', [], true)
 6 APPPATH\Controllers\AdminController.php(16): view('admin/dashboard', [...])
 7 SYSTEMPATH\CodeIgniter.php(896): App\Controllers\AdminController->index()
 8 SYSTEMPATH\CodeIgniter.php(466): CodeIgniter\CodeIgniter->runController(Object(App\Controllers\AdminController))
 9 SYSTEMPATH\CodeIgniter.php(349): CodeIgniter\CodeIgniter->handleRequest(null, Object(Config\Cache), false)
10 FCPATH\index.php(55): CodeIgniter\CodeIgniter->run()
11 SYSTEMPATH\Commands\Server\rewrite.php(43): require_once('FCPATH\\index.php')
CRITICAL - 2022-07-26 01:10:20 --> Undefined property: stdClass::$Favicon
in APPPATH\Views\layout\admin\master.php on line 13.
 1 APPPATH\Views\layout\admin\master.php(13): CodeIgniter\Debug\Exceptions->errorHandler(8, 'Undefined property: stdClass::$Favicon', 'APPPATH\\Views\\layout\\admin\\master.php', 13, [...])
 2 SYSTEMPATH\View\View.php(213): include('APPPATH\\Views\\layout\\admin\\master.php')
 3 SYSTEMPATH\View\View.php(216): CodeIgniter\View\View->CodeIgniter\View\{closure}()
 4 SYSTEMPATH\View\View.php(229): CodeIgniter\View\View->render('layout/admin/master', [], true)
 5 SYSTEMPATH\Common.php(1135): CodeIgniter\View\View->render('admin/dashboard', [], true)
 6 APPPATH\Controllers\AdminController.php(16): view('admin/dashboard', [...])
 7 SYSTEMPATH\CodeIgniter.php(896): App\Controllers\AdminController->index()
 8 SYSTEMPATH\CodeIgniter.php(466): CodeIgniter\CodeIgniter->runController(Object(App\Controllers\AdminController))
 9 SYSTEMPATH\CodeIgniter.php(349): CodeIgniter\CodeIgniter->handleRequest(null, Object(Config\Cache), false)
10 FCPATH\index.php(55): CodeIgniter\CodeIgniter->run()
11 SYSTEMPATH\Commands\Server\rewrite.php(43): require_once('FCPATH\\index.php')
CRITICAL - 2022-07-26 01:11:26 --> Undefined property: stdClass::$Favicon
in APPPATH\Views\layout\admin\master.php on line 13.
 1 APPPATH\Views\layout\admin\master.php(13): CodeIgniter\Debug\Exceptions->errorHandler(8, 'Undefined property: stdClass::$Favicon', 'APPPATH\\Views\\layout\\admin\\master.php', 13, [...])
 2 SYSTEMPATH\View\View.php(213): include('APPPATH\\Views\\layout\\admin\\master.php')
 3 SYSTEMPATH\View\View.php(216): CodeIgniter\View\View->CodeIgniter\View\{closure}()
 4 SYSTEMPATH\View\View.php(229): CodeIgniter\View\View->render('layout/admin/master', [], true)
 5 SYSTEMPATH\Common.php(1135): CodeIgniter\View\View->render('admin/dashboard', [], true)
 6 APPPATH\Controllers\AdminController.php(16): view('admin/dashboard', [...])
 7 SYSTEMPATH\CodeIgniter.php(896): App\Controllers\AdminController->index()
 8 SYSTEMPATH\CodeIgniter.php(466): CodeIgniter\CodeIgniter->runController(Object(App\Controllers\AdminController))
 9 SYSTEMPATH\CodeIgniter.php(349): CodeIgniter\CodeIgniter->handleRequest(null, Object(Config\Cache), false)
10 FCPATH\index.php(55): CodeIgniter\CodeIgniter->run()
11 SYSTEMPATH\Commands\Server\rewrite.php(43): require_once('FCPATH\\index.php')
CRITICAL - 2022-07-26 01:11:46 --> Undefined property: stdClass::$Favicon
in APPPATH\Views\layout\admin\master.php on line 13.
 1 APPPATH\Views\layout\admin\master.php(13): CodeIgniter\Debug\Exceptions->errorHandler(8, 'Undefined property: stdClass::$Favicon', 'APPPATH\\Views\\layout\\admin\\master.php', 13, [...])
 2 SYSTEMPATH\View\View.php(213): include('APPPATH\\Views\\layout\\admin\\master.php')
 3 SYSTEMPATH\View\View.php(216): CodeIgniter\View\View->CodeIgniter\View\{closure}()
 4 SYSTEMPATH\View\View.php(229): CodeIgniter\View\View->render('layout/admin/master', [], true)
 5 SYSTEMPATH\Common.php(1135): CodeIgniter\View\View->render('admin/dashboard', [], true)
 6 APPPATH\Controllers\AdminController.php(16): view('admin/dashboard', [...])
 7 SYSTEMPATH\CodeIgniter.php(896): App\Controllers\AdminController->index()
 8 SYSTEMPATH\CodeIgniter.php(466): CodeIgniter\CodeIgniter->runController(Object(App\Controllers\AdminController))
 9 SYSTEMPATH\CodeIgniter.php(349): CodeIgniter\CodeIgniter->handleRequest(null, Object(Config\Cache), false)
10 FCPATH\index.php(55): CodeIgniter\CodeIgniter->run()
11 SYSTEMPATH\Commands\Server\rewrite.php(43): require_once('FCPATH\\index.php')
