CRITICAL - 2022-07-31 23:10:24 --> Undefined property: App\Controllers\AuthController::$validation
in APPPATH\Controllers\AuthController.php on line 140.
 1 APPPATH\Controllers\AuthController.php(140): CodeIgniter\Debug\Exceptions->errorHandler(8, 'Undefined property: App\\Controllers\\AuthController::$validation', 'APPPATH\\Controllers\\AuthController.php', 140, [...])
 2 SYSTEMPATH\CodeIgniter.php(896): App\Controllers\AuthController->register()
 3 SYSTEMPATH\CodeIgniter.php(466): CodeIgniter\CodeIgniter->runController(Object(App\Controllers\AuthController))
 4 SYSTEMPATH\CodeIgniter.php(349): CodeIgniter\CodeIgniter->handleRequest(null, Object(Config\Cache), false)
 5 FCPATH\index.php(55): CodeIgniter\CodeIgniter->run()
 6 SYSTEMPATH\Commands\Server\rewrite.php(43): require_once('FCPATH\\index.php')
CRITICAL - 2022-07-31 23:14:10 --> Undefined property: App\Controllers\AuthController::$validation
in APPPATH\Controllers\AuthController.php on line 140.
 1 APPPATH\Controllers\AuthController.php(140): CodeIgniter\Debug\Exceptions->errorHandler(8, 'Undefined property: App\\Controllers\\AuthController::$validation', 'APPPATH\\Controllers\\AuthController.php', 140, [...])
 2 SYSTEMPATH\CodeIgniter.php(896): App\Controllers\AuthController->register()
 3 SYSTEMPATH\CodeIgniter.php(466): CodeIgniter\CodeIgniter->runController(Object(App\Controllers\AuthController))
 4 SYSTEMPATH\CodeIgniter.php(349): CodeIgniter\CodeIgniter->handleRequest(null, Object(Config\Cache), false)
 5 FCPATH\index.php(55): CodeIgniter\CodeIgniter->run()
 6 SYSTEMPATH\Commands\Server\rewrite.php(43): require_once('FCPATH\\index.php')
CRITICAL - 2022-07-31 23:22:40 --> Undefined property: App\Controllers\AuthController::$usersModel
in APPPATH\Controllers\AuthController.php on line 169.
 1 APPPATH\Controllers\AuthController.php(169): CodeIgniter\Debug\Exceptions->errorHandler(8, 'Undefined property: App\\Controllers\\AuthController::$usersModel', 'APPPATH\\Controllers\\AuthController.php', 169, [...])
 2 SYSTEMPATH\CodeIgniter.php(896): App\Controllers\AuthController->register()
 3 SYSTEMPATH\CodeIgniter.php(466): CodeIgniter\CodeIgniter->runController(Object(App\Controllers\AuthController))
 4 SYSTEMPATH\CodeIgniter.php(349): CodeIgniter\CodeIgniter->handleRequest(null, Object(Config\Cache), false)
 5 FCPATH\index.php(55): CodeIgniter\CodeIgniter->run()
 6 SYSTEMPATH\Commands\Server\rewrite.php(43): require_once('FCPATH\\index.php')
