CRITICAL - 2022-07-25 00:33:09 --> Trying to access array offset on value of type null
in APPPATH\Views\admin\users\form_detail.php on line 14.
 1 APPPATH\Views\admin\users\form_detail.php(14): CodeIgniter\Debug\Exceptions->errorHandler(8, 'Trying to access array offset on value of type null', 'APPPATH\\Views\\admin\\users\\form_detail.php', 14, [...])
 2 SYSTEMPATH\View\View.php(213): include('APPPATH\\Views\\admin\\users\\form_detail.php')
 3 SYSTEMPATH\View\View.php(216): CodeIgniter\View\View->CodeIgniter\View\{closure}()
 4 SYSTEMPATH\Common.php(1135): CodeIgniter\View\View->render('admin/users/form_detail', [], true)
 5 APPPATH\Controllers\UsersController.php(343): view('admin/users/form_detail', [...])
 6 SYSTEMPATH\CodeIgniter.php(896): App\Controllers\UsersController->detail()
 7 SYSTEMPATH\CodeIgniter.php(466): CodeIgniter\CodeIgniter->runController(Object(App\Controllers\UsersController))
 8 SYSTEMPATH\CodeIgniter.php(349): CodeIgniter\CodeIgniter->handleRequest(null, Object(Config\Cache), false)
 9 FCPATH\index.php(55): CodeIgniter\CodeIgniter->run()
10 SYSTEMPATH\Commands\Server\rewrite.php(43): require_once('FCPATH\\index.php')
CRITICAL - 2022-07-25 01:50:57 --> Call to undefined function csrf_fiel()
in APPPATH\Views\admin\users\form_add.php on line 10.
 1 SYSTEMPATH\View\View.php(213): include()
 2 SYSTEMPATH\View\View.php(216): CodeIgniter\View\View->CodeIgniter\View\{closure}()
 3 SYSTEMPATH\Common.php(1135): CodeIgniter\View\View->render('admin/users/form_add', [], true)
 4 APPPATH\Controllers\UsersController.php(91): view('admin/users/form_add')
 5 SYSTEMPATH\CodeIgniter.php(896): App\Controllers\UsersController->add()
 6 SYSTEMPATH\CodeIgniter.php(466): CodeIgniter\CodeIgniter->runController(Object(App\Controllers\UsersController))
 7 SYSTEMPATH\CodeIgniter.php(349): CodeIgniter\CodeIgniter->handleRequest(null, Object(Config\Cache), false)
 8 FCPATH\index.php(55): CodeIgniter\CodeIgniter->run()
 9 SYSTEMPATH\Commands\Server\rewrite.php(43): require_once('FCPATH\\index.php')
CRITICAL - 2022-07-25 02:04:20 --> Decrypting: authentication failed.
in SYSTEMPATH\Encryption\Handlers\OpenSSLHandler.php on line 98.
 1 SYSTEMPATH\Encryption\Handlers\OpenSSLHandler.php(98): CodeIgniter\Encryption\Exceptions\EncryptionException::forAuthenticationFailed()
 2 APPPATH\Helpers\general_helper.php(19): CodeIgniter\Encryption\Handlers\OpenSSLHandler->decrypt('ROOTPATH\\public')
 3 APPPATH\Controllers\UsersController.php(337): decrypt_url(null)
 4 SYSTEMPATH\CodeIgniter.php(896): App\Controllers\UsersController->detail()
 5 SYSTEMPATH\CodeIgniter.php(466): CodeIgniter\CodeIgniter->runController(Object(App\Controllers\UsersController))
 6 SYSTEMPATH\CodeIgniter.php(349): CodeIgniter\CodeIgniter->handleRequest(null, Object(Config\Cache), false)
 7 FCPATH\index.php(55): CodeIgniter\CodeIgniter->run()
 8 SYSTEMPATH\Commands\Server\rewrite.php(43): require_once('FCPATH\\index.php')
CRITICAL - 2022-07-25 02:05:15 --> Decrypting: authentication failed.
in SYSTEMPATH\Encryption\Handlers\OpenSSLHandler.php on line 98.
 1 SYSTEMPATH\Encryption\Handlers\OpenSSLHandler.php(98): CodeIgniter\Encryption\Exceptions\EncryptionException::forAuthenticationFailed()
 2 APPPATH\Helpers\general_helper.php(19): CodeIgniter\Encryption\Handlers\OpenSSLHandler->decrypt('ROOTPATH\\public')
 3 APPPATH\Controllers\UsersController.php(337): decrypt_url(null)
 4 SYSTEMPATH\CodeIgniter.php(896): App\Controllers\UsersController->detail()
 5 SYSTEMPATH\CodeIgniter.php(466): CodeIgniter\CodeIgniter->runController(Object(App\Controllers\UsersController))
 6 SYSTEMPATH\CodeIgniter.php(349): CodeIgniter\CodeIgniter->handleRequest(null, Object(Config\Cache), false)
 7 FCPATH\index.php(55): CodeIgniter\CodeIgniter->run()
 8 SYSTEMPATH\Commands\Server\rewrite.php(43): require_once('FCPATH\\index.php')
